<?xml version="1.0" encoding="UTF-8"?>
<!-- Generated by org.testng.reporters.JUnitXMLReporter -->
<testsuite ignored="1" hostname="LAPTOP-9SHU180Q" failures="0" tests="2" name="Default test" time="9.975" errors="0" timestamp="2024-04-24T13:40:33 IST">
  <testcase classname="testNG.TestNgDemo" name="chromeBrowserTest" time="3.516"/>
  <testcase classname="testNG.TestNgDemo" name="firefoxBrowserTest" time="6.4"/>
  <testcase classname="testNG.TestNgDemo" name="edgeBrowserTest" time="0.0">
    <ignored/>
  </testcase> <!-- edgeBrowserTest -->
</testsuite> <!-- Default test -->
