<?xml version="1.0" encoding="UTF-8"?>
<!-- Generated by org.testng.reporters.JUnitXMLReporter -->
<testsuite ignored="2" hostname="LAPTOP-9SHU180Q" failures="0" tests="1" name="Test" time="3.725" errors="0" timestamp="2024-04-24T13:28:11 IST">
  <testcase classname="testNG.TestNgDemo" name="chromeBrowserTest" time="3.674"/>
  <testcase classname="testNG.TestNgDemo" name="edgeBrowserTest" time="0.0">
    <ignored/>
  </testcase> <!-- edgeBrowserTest -->
  <testcase classname="testNG.TestNgDemo" name="firefoxBrowserTest" time="0.0">
    <ignored/>
  </testcase> <!-- firefoxBrowserTest -->
</testsuite> <!-- Test -->
